Flow report for risc16ba_top
Fri Mar  1 17:58:59 2019
Quartus II 32-bit Version 13.0.1 Build 232 06/12/2013 Service Pack 1 SJ Full Version


---------------------
; Table of Contents ;
---------------------
  1. Legal Notice
  2. Flow Summary
  3. Flow Settings
  4. Flow Non-Default Global Settings
  5. Flow Elapsed Time
  6. Flow OS Summary
  7. Flow Log
  8. Flow Messages
  9. Flow Suppressed Messages



----------------
; Legal Notice ;
----------------
Copyright (C) 1991-2013 Altera Corporation
Your use of Altera Corporation's design tools, logic functions 
and other software and tools, and its AMPP partner logic 
functions, and any output files from any of the foregoing 
(including device programming or simulation files), and any 
associated documentation or information are expressly subject 
to the terms and conditions of the Altera Program License 
Subscription Agreement, Altera MegaCore Function License 
Agreement, or other applicable license agreement, including, 
without limitation, that your use is for the sole purpose of 
programming logic devices manufactured by Altera and sold by 
Altera or its authorized distributors.  Please refer to the 
applicable agreement for further details.



+------------------------------------------------------------------------------+
; Flow Summary                                                                 ;
+---------------------------+--------------------------------------------------+
; Flow Status               ; Successful - Fri Mar  1 17:58:54 2019            ;
; Quartus II 32-bit Version ; 13.0.1 Build 232 06/12/2013 SP 1 SJ Full Version ;
; Revision Name             ; risc16ba_top                                     ;
; Top-level Entity Name     ; risc16ba_top                                     ;
; Family                    ; Cyclone                                          ;
; Device                    ; EP1C20F400C8                                     ;
; Timing Models             ; Final                                            ;
; Total logic elements      ; 1,377 / 20,060 ( 7 % )                           ;
; Total pins                ; 126 / 301 ( 42 % )                               ;
; Total virtual pins        ; 0                                                ;
; Total memory bits         ; 1,904 / 294,912 ( < 1 % )                        ;
; Total PLLs                ; 1 / 2 ( 50 % )                                   ;
+---------------------------+--------------------------------------------------+


+-----------------------------------------+
; Flow Settings                           ;
+-------------------+---------------------+
; Option            ; Setting             ;
+-------------------+---------------------+
; Start date & time ; 03/01/2019 17:58:10 ;
; Main task         ; Compilation         ;
; Revision Name     ; risc16ba_top        ;
+-------------------+---------------------+


+-------------------------------------------------------------------------------------------------+
; Flow Non-Default Global Settings                                                                ;
+-----------------------+------------------------------+---------------+-------------+------------+
; Assignment Name       ; Value                        ; Default Value ; Entity Name ; Section Id ;
+-----------------------+------------------------------+---------------+-------------+------------+
; COMPILER_SIGNATURE_ID ; 136474093540.155143069009008 ; --            ; --          ; --         ;
+-----------------------+------------------------------+---------------+-------------+------------+


+-------------------------------------------------------------------------------------------------------------------------------+
; Flow Elapsed Time                                                                                                             ;
+---------------------------+--------------+-------------------------+---------------------+------------------------------------+
; Module Name               ; Elapsed Time ; Average Processors Used ; Peak Virtual Memory ; Total CPU Time (on all processors) ;
+---------------------------+--------------+-------------------------+---------------------+------------------------------------+
; Analysis & Synthesis      ; 00:00:09     ; 1.0                     ; 353 MB              ; 00:00:07                           ;
; Fitter                    ; 00:00:26     ; 1.2                     ; 517 MB              ; 00:00:38                           ;
; Assembler                 ; 00:00:02     ; 1.0                     ; 326 MB              ; 00:00:02                           ;
; TimeQuest Timing Analyzer ; 00:00:03     ; 1.0                     ; 328 MB              ; 00:00:02                           ;
; Total                     ; 00:00:40     ; --                      ; --                  ; 00:00:49                           ;
+---------------------------+--------------+-------------------------+---------------------+------------------------------------+


+---------------------------------------------------------------------------------------------------------+
; Flow OS Summary                                                                                         ;
+---------------------------+------------------------------+----------------+------------+----------------+
; Module Name               ; Machine Hostname             ; OS Name        ; OS Version ; Processor type ;
+---------------------------+------------------------------+----------------+------------+----------------+
; Analysis & Synthesis      ; phoenix.cis.nagasaki-u.ac.jp ; CentOS release ; 6          ; x86_64         ;
; Fitter                    ; phoenix.cis.nagasaki-u.ac.jp ; CentOS release ; 6          ; x86_64         ;
; Assembler                 ; phoenix.cis.nagasaki-u.ac.jp ; CentOS release ; 6          ; x86_64         ;
; TimeQuest Timing Analyzer ; phoenix.cis.nagasaki-u.ac.jp ; CentOS release ; 6          ; x86_64         ;
+---------------------------+------------------------------+----------------+------------+----------------+


------------
; Flow Log ;
------------
quartus_map --family=Cyclone risc16ba_top
quartus_fit --part=EP1C20F400C8 risc16ba_top
quartus_asm risc16ba_top
quartus_sta --do_report_timing risc16ba_top



